Arguments: 
  /opt/homebrew/Cellar/node/17.3.0/bin/node /opt/homebrew/bin/yarn run-js

PATH: 
  /opt/homebrew/bin:/opt/homebrew/sbin:/usr/local/bin:/usr/bin:/bin:/usr/sbin:/sbin:/Library/Apple/usr/bin:/opt/homebrew/bin:/opt/homebrew/sbin:/Users/uncle_chun/Library/Android/sdk/emulator:/Users/uncle_chun/Library/Android/sdk/tools:/Users/uncle_chun/Library/Android/sdk/tools/bin:/Users/uncle_chun/Library/Android/sdk/platform-tools:/Users/uncle_chun/Library/Android/sdk/emulator:/Users/uncle_chun/Library/Android/sdk/tools:/Users/uncle_chun/Library/Android/sdk/tools/bin:/Users/uncle_chun/Library/Android/sdk/platform-tools

Yarn version: 
  1.22.17

Node version: 
  17.3.0

Platform: 
  darwin arm64

Trace: 
  SyntaxError: /Users/uncle_chun/Desktop/Mobile/example-blockchain/package.json: Unexpected token / in JSON at position 101
      at JSON.parse (<anonymous>)
      at /opt/homebrew/lib/node_modules/yarn/lib/cli.js:1625:59
      at Generator.next (<anonymous>)
      at step (/opt/homebrew/lib/node_modules/yarn/lib/cli.js:310:30)
      at /opt/homebrew/lib/node_modules/yarn/lib/cli.js:321:13

npm manifest: 
  {
    "name": "example-blockchain",
    "version": "1.0.0",
    "description": "",
    "main": "index.js",
    // "type": "module",
    "scripts": {
      "test": "echo \"Error: no test specified\" && exit 1",
      "run-js": "node index.js"
    },
    "repository": {
      "type": "git",
      "url": "git+https://github.com/nghoangchung/example-blockchain.git"
    },
    "author": "",
    "license": "ISC",
    "bugs": {
      "url": "https://github.com/nghoangchung/example-blockchain/issues"
    },
    "homepage": "https://github.com/nghoangchung/example-blockchain#readme",
    "dependencies": {
      "crypto-js": "^4.1.1"
    }
  }

yarn manifest: 
  No manifest

Lockfile: 
  # THIS IS AN AUTOGENERATED FILE. DO NOT EDIT THIS FILE DIRECTLY.
  # yarn lockfile v1
  
  
  crypto-js@^4.1.1:
    version "4.1.1"
    resolved "https://registry.yarnpkg.com/crypto-js/-/crypto-js-4.1.1.tgz#9e485bcf03521041bd85844786b83fb7619736cf"
    integrity sha512-o2JlM7ydqd3Qk9CA0L4NL6mTzU2sdx96a+oOfPu8Mkl/PK51vSyoi8/rQ8NknZtk44vq15lmhAj9CIAGwgeWKw==
